[PRIMO - Primality Certificate]
Version=4.3.3 - LX64
WebSite=https://www.ellipsa.eu/
Format=4
ID=B49C20376153F
Created=Jun-11-2026 04:07:50 PM
TestCount=17
Status=Candidate certified prime

[Comments]
q=3, t=5, p4

[Running Times (Wall-Clock)]
1stPhase=0.43s
2ndPhase=0.09s
Total=0.52s

[Running Times (Processes)]
1stPhase=0.43s
2ndPhase=0.09s
Total=0.52s

[Candidate]
File=/home/ricardo/Downloads/primo-433-lx64/primos/q3_t5_p4.in
N=$76F7F08A6915A193795038C4D2F6674789B1EA6A85C69B0E407C5C47D499A961F5A21C4769975E78DBDEEECACA069EAFE6A889431C93
HexadecimalSize=108
DecimalSize=130
BinarySize=431

[1]
S=$D92
W=$D4400893444851D78E3940B8DDDCBB9124A4B9D4C7A0FA29CB1F32
A=-$1E
B=$38
T=0

[2]
S=$3AE2989B3C7
W=-$B8557FE85ECDA00164146FA4A68DB83E2D3B52EE11B19AD3E967
A=-$98
B=$2D2
T=0

[3]
S=$76972A514
W=$280767E31C7FDB360A475D27D1E87175E5154B3876DB5CBC
A=0
B=$10
T=$4

[4]
S=$A3E8C
W=-$121F415110F1DAA12FE88325E8D1B4F221069E86BF34
J=$397A49AE5F5BAE9C88222FDD23D422268399F9713D7CE065B0101150981957CC8DEB79E797E0DD01D0493
T=$9

[5]
S=$3028E
W=-$5912DA3E8ABA76085502A1781AF3B8F3F088B822E
J=-$11E6999B4ECDD61A14A8436DD48C707CEE8C37E8D74DE190F46B135895890EDEAD5B1ADF35218987F
T=$1

[6]
S=$1641D8
W=-$103EF28C1F64D88C36BBCE29D21DB5C25CC0680
J=$958FDEA93157DD15271DD4755E110B6FB06279B4EC63ECE32CF532C8AC856CBEB6CB9BB8B39A
T=0

[7]
S=$29CA34
W=$AF6986C688486AB069BC69D09AA6E73FEE5E
A=$2
B=0
T=$3

[8]
S=$47ABB1EE9
W=-$17014E2178DC78F35B4C58AB4421BBE667
A=0
B=$10
T=$2

[9]
S=$115E4
W=-$B7F7E863BB0EA39FAB6C2B257884A
A=$2
B=0
T=$1

[10]
S=$278CD0
W=$7E33322A31577DE09DB0CAEB486
A=-$108
B=$69E
T=$1

[11]
S=$8B5325B39
W=$1EC9D1967EE38AD94BA4CFD7B
A=0
B=$A
T=$1

[12]
S=$26D35
W=-$A263BDB2EBF38B5CE4E7
A=-$D70
B=$12F5A
T=0

[13]
S=$F694
W=-$25E60259C4DEEFFBDC
A=-$84B750
B=$24C7B73A2
T=0

[14]
S=$133CE
B=$2

[15]
S=$125A1E64
W=-$5C4C364682D90E
A=$1
B=0
T=$2

[16]
S=$318
B=$2

[17]
S=$86A
Q=$2

[Signature]
1=$C0A581F8F19BA167D1F887D665174C51BBCC58C680C1E20B
2=$DEFF59BAFF91FC323547162E965ABD6E69AFD858F070C38C

